Started GET "/" for ::1 at 2020-08-19 01:17:03 +0300
Processing by Rails::WelcomeController#index as HTML
  Rendering /home/oksana/.rbenv/versions/2.7.0/lib/ruby/gems/2.7.0/gems/railties-5.2.4.3/lib/rails/templates/rails/welcome/index.html.erb
  Rendered /home/oksana/.rbenv/versions/2.7.0/lib/ruby/gems/2.7.0/gems/railties-5.2.4.3/lib/rails/templates/rails/welcome/index.html.erb (5.3ms)
Completed 200 OK in 48ms (Views: 34.1ms | ActiveRecord: 0.0ms)


Started GET "/" for ::1 at 2020-08-19 01:18:36 +0300
Processing by Rails::WelcomeController#index as HTML
  Rendering /home/oksana/.rbenv/versions/2.7.0/lib/ruby/gems/2.7.0/gems/railties-5.2.4.3/lib/rails/templates/rails/welcome/index.html.erb
  Rendered /home/oksana/.rbenv/versions/2.7.0/lib/ruby/gems/2.7.0/gems/railties-5.2.4.3/lib/rails/templates/rails/welcome/index.html.erb (2.4ms)
Completed 200 OK in 6ms (Views: 3.7ms | ActiveRecord: 0.0ms)


Started GET "/" for ::1 at 2020-08-19 01:18:40 +0300
Processing by Rails::WelcomeController#index as HTML
  Rendering /home/oksana/.rbenv/versions/2.7.0/lib/ruby/gems/2.7.0/gems/railties-5.2.4.3/lib/rails/templates/rails/welcome/index.html.erb
  Rendered /home/oksana/.rbenv/versions/2.7.0/lib/ruby/gems/2.7.0/gems/railties-5.2.4.3/lib/rails/templates/rails/welcome/index.html.erb (3.2ms)
Completed 200 OK in 9ms (Views: 7.5ms | ActiveRecord: 0.0ms)


Started GET "/" for ::1 at 2020-08-19 01:18:48 +0300
Processing by Rails::WelcomeController#index as HTML
  Rendering /home/oksana/.rbenv/versions/2.7.0/lib/ruby/gems/2.7.0/gems/railties-5.2.4.3/lib/rails/templates/rails/welcome/index.html.erb
  Rendered /home/oksana/.rbenv/versions/2.7.0/lib/ruby/gems/2.7.0/gems/railties-5.2.4.3/lib/rails/templates/rails/welcome/index.html.erb (2.8ms)
Completed 200 OK in 6ms (Views: 4.6ms | ActiveRecord: 0.0ms)


Started GET "/" for ::1 at 2020-08-19 01:18:49 +0300
Processing by Rails::WelcomeController#index as HTML
  Rendering /home/oksana/.rbenv/versions/2.7.0/lib/ruby/gems/2.7.0/gems/railties-5.2.4.3/lib/rails/templates/rails/welcome/index.html.erb
  Rendered /home/oksana/.rbenv/versions/2.7.0/lib/ruby/gems/2.7.0/gems/railties-5.2.4.3/lib/rails/templates/rails/welcome/index.html.erb (2.9ms)
Completed 200 OK in 7ms (Views: 5.4ms | ActiveRecord: 0.0ms)


Started GET "/" for ::1 at 2020-08-19 01:18:53 +0300
Processing by Rails::WelcomeController#index as HTML
  Rendering /home/oksana/.rbenv/versions/2.7.0/lib/ruby/gems/2.7.0/gems/railties-5.2.4.3/lib/rails/templates/rails/welcome/index.html.erb
  Rendered /home/oksana/.rbenv/versions/2.7.0/lib/ruby/gems/2.7.0/gems/railties-5.2.4.3/lib/rails/templates/rails/welcome/index.html.erb (6.4ms)
Completed 200 OK in 9ms (Views: 8.1ms | ActiveRecord: 0.0ms)


Started GET "/" for ::1 at 2020-08-19 01:19:39 +0300
Processing by Rails::WelcomeController#index as HTML
  Rendering /home/oksana/.rbenv/versions/2.7.0/lib/ruby/gems/2.7.0/gems/railties-5.2.4.3/lib/rails/templates/rails/welcome/index.html.erb
  Rendered /home/oksana/.rbenv/versions/2.7.0/lib/ruby/gems/2.7.0/gems/railties-5.2.4.3/lib/rails/templates/rails/welcome/index.html.erb (4.4ms)
Completed 200 OK in 16ms (Views: 8.6ms | ActiveRecord: 0.0ms)


Started GET "/" for ::1 at 2020-08-19 01:37:37 +0300
Processing by Rails::WelcomeController#index as HTML
  Rendering /home/oksana/.rbenv/versions/2.7.0/lib/ruby/gems/2.7.0/gems/railties-5.2.4.3/lib/rails/templates/rails/welcome/index.html.erb
  Rendered /home/oksana/.rbenv/versions/2.7.0/lib/ruby/gems/2.7.0/gems/railties-5.2.4.3/lib/rails/templates/rails/welcome/index.html.erb (62.6ms)
Completed 200 OK in 151ms (Views: 64.7ms | ActiveRecord: 0.0ms)


Started GET "/" for ::1 at 2020-08-19 01:39:14 +0300
Processing by Rails::WelcomeController#index as HTML
  Rendering /home/oksana/.rbenv/versions/2.7.0/lib/ruby/gems/2.7.0/gems/railties-5.2.4.3/lib/rails/templates/rails/welcome/index.html.erb
  Rendered /home/oksana/.rbenv/versions/2.7.0/lib/ruby/gems/2.7.0/gems/railties-5.2.4.3/lib/rails/templates/rails/welcome/index.html.erb (3.9ms)
Completed 200 OK in 35ms (Views: 11.7ms | ActiveRecord: 0.0ms)


Started GET "/" for ::1 at 2020-08-19 01:39:18 +0300
Processing by Rails::WelcomeController#index as HTML
  Rendering /home/oksana/.rbenv/versions/2.7.0/lib/ruby/gems/2.7.0/gems/railties-5.2.4.3/lib/rails/templates/rails/welcome/index.html.erb
  Rendered /home/oksana/.rbenv/versions/2.7.0/lib/ruby/gems/2.7.0/gems/railties-5.2.4.3/lib/rails/templates/rails/welcome/index.html.erb (2.5ms)
Completed 200 OK in 6ms (Views: 4.4ms | ActiveRecord: 0.0ms)


Started GET "/" for ::1 at 2020-08-19 01:40:18 +0300
Processing by Rails::WelcomeController#index as HTML
  Rendering /home/oksana/.rbenv/versions/2.7.0/lib/ruby/gems/2.7.0/gems/railties-5.2.4.3/lib/rails/templates/rails/welcome/index.html.erb
  Rendered /home/oksana/.rbenv/versions/2.7.0/lib/ruby/gems/2.7.0/gems/railties-5.2.4.3/lib/rails/templates/rails/welcome/index.html.erb (2.6ms)
Completed 200 OK in 6ms (Views: 4.3ms | ActiveRecord: 0.0ms)


Started GET "/" for ::1 at 2020-08-19 01:40:22 +0300
Processing by Rails::WelcomeController#index as HTML
  Rendering /home/oksana/.rbenv/versions/2.7.0/lib/ruby/gems/2.7.0/gems/railties-5.2.4.3/lib/rails/templates/rails/welcome/index.html.erb
  Rendered /home/oksana/.rbenv/versions/2.7.0/lib/ruby/gems/2.7.0/gems/railties-5.2.4.3/lib/rails/templates/rails/welcome/index.html.erb (4.0ms)
Completed 200 OK in 8ms (Views: 6.5ms | ActiveRecord: 0.0ms)


Started GET "/" for ::1 at 2020-08-19 01:40:52 +0300
Processing by Rails::WelcomeController#index as HTML
  Rendering /home/oksana/.rbenv/versions/2.7.0/lib/ruby/gems/2.7.0/gems/railties-5.2.4.3/lib/rails/templates/rails/welcome/index.html.erb
  Rendered /home/oksana/.rbenv/versions/2.7.0/lib/ruby/gems/2.7.0/gems/railties-5.2.4.3/lib/rails/templates/rails/welcome/index.html.erb (3.2ms)
Completed 200 OK in 15ms (Views: 6.3ms | ActiveRecord: 0.0ms)


Started GET "/" for ::1 at 2020-08-19 01:44:27 +0300
Processing by Rails::WelcomeController#index as HTML
  Rendering /home/oksana/.rbenv/versions/2.7.0/lib/ruby/gems/2.7.0/gems/railties-5.2.4.3/lib/rails/templates/rails/welcome/index.html.erb
  Rendered /home/oksana/.rbenv/versions/2.7.0/lib/ruby/gems/2.7.0/gems/railties-5.2.4.3/lib/rails/templates/rails/welcome/index.html.erb (3.4ms)
Completed 200 OK in 7ms (Views: 5.7ms | ActiveRecord: 0.0ms)


Started GET "/" for ::1 at 2020-08-19 01:44:29 +0300
Processing by Rails::WelcomeController#index as HTML
  Rendering /home/oksana/.rbenv/versions/2.7.0/lib/ruby/gems/2.7.0/gems/railties-5.2.4.3/lib/rails/templates/rails/welcome/index.html.erb
  Rendered /home/oksana/.rbenv/versions/2.7.0/lib/ruby/gems/2.7.0/gems/railties-5.2.4.3/lib/rails/templates/rails/welcome/index.html.erb (2.0ms)
Completed 200 OK in 5ms (Views: 3.1ms | ActiveRecord: 0.0ms)


Started GET "/" for ::1 at 2020-08-19 02:42:27 +0300
Processing by ApplicationController#hello as HTML
  Rendering html template
  Rendered html template (0.1ms)
Completed 200 OK in 170ms (Views: 163.3ms | ActiveRecord: 0.0ms)


Started GET "/" for ::1 at 2020-08-19 02:43:55 +0300
Processing by ApplicationController#hello as HTML
  Rendering html template
  Rendered html template (0.1ms)
Completed 200 OK in 3ms (Views: 1.8ms | ActiveRecord: 0.0ms)


Started GET "/" for ::1 at 2020-08-19 02:46:58 +0300
Processing by ApplicationController#goodbye as HTML
  Rendering html template
  Rendered html template (0.1ms)
Completed 200 OK in 2ms (Views: 1.2ms | ActiveRecord: 0.0ms)


Started GET "/" for ::1 at 2020-08-19 14:11:36 +0300
Processing by ApplicationController#hello as HTML
  Rendering html template
  Rendered html template (0.1ms)
Completed 200 OK in 10ms (Views: 4.2ms | ActiveRecord: 0.0ms)


Started GET "/" for ::1 at 2020-08-19 14:12:37 +0300
Processing by ApplicationController#hello as HTML
  Rendering html template
  Rendered html template (0.1ms)
Completed 200 OK in 2ms (Views: 1.7ms | ActiveRecord: 0.0ms)


  [1m[35m (0.3ms)[0m  [1m[34mSELECT sqlite_version(*)[0m
  ↳ bin/rails:9
  [1m[35m (138.8ms)[0m  [1m[35mCREATE TABLE "schema_migrations" ("version" varchar NOT NULL PRIMARY KEY)[0m
  ↳ bin/rails:9
  [1m[35m (115.6ms)[0m  [1m[35mCREATE TABLE "ar_internal_metadata" ("key" varchar NOT NULL PRIMARY KEY, "value" varchar, "created_at" datetime NOT NULL, "updated_at" datetime NOT NULL)[0m
  ↳ bin/rails:9
  [1m[35m (0.3ms)[0m  [1m[34mSELECT "schema_migrations"."version" FROM "schema_migrations" ORDER BY "schema_migrations"."version" ASC[0m
  ↳ bin/rails:9
Migrating to CreateUsers (20200819213718)
  [1m[35m (0.1ms)[0m  [1m[36mbegin transaction[0m
  ↳ bin/rails:9
  [1m[35m (0.4ms)[0m  [1m[35mCREATE TABLE "users" ("id" integer PRIMARY KEY AUTOINCREMENT NOT NULL, "name" varchar, "username" varchar, "email" varchar, "password" varchar, "created_at" datetime NOT NULL, "updated_at" datetime NOT NULL)[0m
  ↳ db/migrate/20200819213718_create_users.rb:3
  [1m[36mActiveRecord::SchemaMigration Create (0.2ms)[0m  [1m[32mINSERT INTO "schema_migrations" ("version") VALUES (?)[0m  [["version", "20200819213718"]]
  ↳ bin/rails:9
  [1m[35m (124.2ms)[0m  [1m[36mcommit transaction[0m
  ↳ bin/rails:9
  [1m[36mActiveRecord::InternalMetadata Load (0.4ms)[0m  [1m[34mSELECT  "ar_internal_metadata".* FROM "ar_internal_metadata" WHERE "ar_internal_metadata"."key" = ? LIMIT ?[0m  [["key", "environment"], ["LIMIT", 1]]
  ↳ bin/rails:9
  [1m[35m (0.1ms)[0m  [1m[36mbegin transaction[0m
  ↳ bin/rails:9
  [1m[36mActiveRecord::InternalMetadata Create (0.3ms)[0m  [1m[32mINSERT INTO "ar_internal_metadata" ("key", "value", "created_at", "updated_at") VALUES (?, ?, ?, ?)[0m  [["key", "environment"], ["value", "development"], ["created_at", "2020-08-19 21:39:11.943533"], ["updated_at", "2020-08-19 21:39:11.943533"]]
  ↳ bin/rails:9
  [1m[35m (94.0ms)[0m  [1m[36mcommit transaction[0m
  ↳ bin/rails:9
  [1m[35m (0.2ms)[0m  [1m[34mSELECT "schema_migrations"."version" FROM "schema_migrations" ORDER BY "schema_migrations"."version" ASC[0m
  ↳ bin/rails:9
Started GET "/" for ::1 at 2020-08-20 00:39:34 +0300
  [1m[35m (0.1ms)[0m  [1m[34mSELECT "schema_migrations"."version" FROM "schema_migrations" ORDER BY "schema_migrations"."version" ASC[0m
  ↳ /home/oksana/.rbenv/versions/2.7.0/lib/ruby/gems/2.7.0/gems/activerecord-5.2.4.3/lib/active_record/log_subscriber.rb:98
Processing by UsersController#index as HTML
  Rendering users/index.html.erb within layouts/application
  [1m[36mUser Load (1.0ms)[0m  [1m[34mSELECT "users".* FROM "users"[0m
  ↳ app/views/users/index.html.erb:17
  Rendered users/index.html.erb within layouts/application (5.8ms)
Completed 200 OK in 3260ms (Views: 3241.9ms | ActiveRecord: 1.3ms)


Started GET "/users/new" for ::1 at 2020-08-20 00:39:48 +0300
Processing by UsersController#new as HTML
  Rendering users/new.html.erb within layouts/application
  Rendered users/_form.html.erb (108.7ms)
  Rendered users/new.html.erb within layouts/application (110.5ms)
Completed 200 OK in 144ms (Views: 131.7ms | ActiveRecord: 0.7ms)


Started GET "/" for ::1 at 2020-08-20 00:41:13 +0300
Processing by UsersController#index as HTML
  Rendering users/index.html.erb within layouts/application
  [1m[36mUser Load (0.2ms)[0m  [1m[34mSELECT "users".* FROM "users"[0m
  ↳ app/views/users/index.html.erb:17
  Rendered users/index.html.erb within layouts/application (3.3ms)
Completed 200 OK in 30ms (Views: 26.6ms | ActiveRecord: 0.6ms)


Started GET "/users/new" for ::1 at 2020-08-20 00:41:22 +0300
Processing by UsersController#new as HTML
  Rendering users/new.html.erb within layouts/application
  Rendered users/_form.html.erb (4.6ms)
  Rendered users/new.html.erb within layouts/application (18.3ms)
Completed 200 OK in 66ms (Views: 49.6ms | ActiveRecord: 0.6ms)


Started POST "/users" for ::1 at 2020-08-20 00:42:25 +0300
Processing by UsersController#create as HTML
  Parameters: {"utf8"=>"✓", "authenticity_token"=>"TGZVnLbuU4v46X7mLhG+AOb4E1u16LLzattEgBTb/cXOgaQDsZ/IicDMCiJ40RPHW6VDGj4u6MM25+avhnqXsQ==", "user"=>{"name"=>"Private", "username"=>"private_event1", "email"=>"private@mail", "password"=>"[FILTERED]"}, "commit"=>"Create User"}
  [1m[35m (0.1ms)[0m  [1m[36mbegin transaction[0m
  ↳ app/controllers/users_controller.rb:30
  [1m[36mUser Create (0.4ms)[0m  [1m[32mINSERT INTO "users" ("name", "username", "email", "password", "created_at", "updated_at") VALUES (?, ?, ?, ?, ?, ?)[0m  [["name", "Private"], ["username", "private_event1"], ["email", "private@mail"], ["password", "privatepassword"], ["created_at", "2020-08-19 21:42:25.435501"], ["updated_at", "2020-08-19 21:42:25.435501"]]
  ↳ app/controllers/users_controller.rb:30
  [1m[35m (151.9ms)[0m  [1m[36mcommit transaction[0m
  ↳ app/controllers/users_controller.rb:30
Redirected to http://localhost:3000/users/1
Completed 302 Found in 162ms (ActiveRecord: 152.3ms)


Started GET "/users/1" for ::1 at 2020-08-20 00:42:25 +0300
Processing by UsersController#show as HTML
  Parameters: {"id"=>"1"}
  [1m[36mUser Load (0.2ms)[0m  [1m[34mSELECT  "users".* FROM "users" WHERE "users"."id" = ? LIMIT ?[0m  [["id", 1], ["LIMIT", 1]]
  ↳ app/controllers/users_controller.rb:67
  Rendering users/show.html.erb within layouts/application
  Rendered users/show.html.erb within layouts/application (1.7ms)
Completed 200 OK in 108ms (Views: 32.8ms | ActiveRecord: 0.2ms)


Started GET "/users/1/edit" for ::1 at 2020-08-20 00:42:33 +0300
Processing by UsersController#edit as HTML
  Parameters: {"id"=>"1"}
  [1m[36mUser Load (0.2ms)[0m  [1m[34mSELECT  "users".* FROM "users" WHERE "users"."id" = ? LIMIT ?[0m  [["id", 1], ["LIMIT", 1]]
  ↳ app/controllers/users_controller.rb:67
  Rendering users/edit.html.erb within layouts/application
  Rendered users/_form.html.erb (4.8ms)
  Rendered users/edit.html.erb within layouts/application (6.6ms)
Completed 200 OK in 57ms (Views: 39.1ms | ActiveRecord: 0.2ms)


Started PATCH "/users/1" for ::1 at 2020-08-20 00:42:54 +0300
Processing by UsersController#update as HTML
  Parameters: {"utf8"=>"✓", "authenticity_token"=>"1npiPWD+lYlr3n/IKOcgq0oH91EDpT/Kg/pH6GtO/Dh1R+VF2GXcYAvn/DnjgHbokckcMvIi8zpXT47axRM5xw==", "user"=>{"name"=>"Private 2nd edition", "username"=>"private_event1", "email"=>"private@mail", "password"=>"[FILTERED]"}, "commit"=>"Update User", "id"=>"1"}
  [1m[36mUser Load (0.1ms)[0m  [1m[34mSELECT  "users".* FROM "users" WHERE "users"."id" = ? LIMIT ?[0m  [["id", 1], ["LIMIT", 1]]
  ↳ app/controllers/users_controller.rb:67
  [1m[35m (0.1ms)[0m  [1m[36mbegin transaction[0m
  ↳ app/controllers/users_controller.rb:44
  [1m[36mUser Update (0.4ms)[0m  [1m[33mUPDATE "users" SET "name" = ?, "updated_at" = ? WHERE "users"."id" = ?[0m  [["name", "Private 2nd edition"], ["updated_at", "2020-08-19 21:42:54.359357"], ["id", 1]]
  ↳ app/controllers/users_controller.rb:44
  [1m[35m (214.3ms)[0m  [1m[36mcommit transaction[0m
  ↳ app/controllers/users_controller.rb:44
Redirected to http://localhost:3000/users/1
Completed 302 Found in 224ms (ActiveRecord: 214.9ms)


Started GET "/users/1" for ::1 at 2020-08-20 00:42:54 +0300
Processing by UsersController#show as HTML
  Parameters: {"id"=>"1"}
  [1m[36mUser Load (0.1ms)[0m  [1m[34mSELECT  "users".* FROM "users" WHERE "users"."id" = ? LIMIT ?[0m  [["id", 1], ["LIMIT", 1]]
  ↳ app/controllers/users_controller.rb:67
  Rendering users/show.html.erb within layouts/application
  Rendered users/show.html.erb within layouts/application (0.8ms)
Completed 200 OK in 26ms (Views: 24.2ms | ActiveRecord: 0.1ms)


Started GET "/users" for ::1 at 2020-08-20 00:43:01 +0300
Processing by UsersController#index as HTML
  Rendering users/index.html.erb within layouts/application
  [1m[36mUser Load (0.2ms)[0m  [1m[34mSELECT "users".* FROM "users"[0m
  ↳ app/views/users/index.html.erb:17
  Rendered users/index.html.erb within layouts/application (5.4ms)
Completed 200 OK in 59ms (Views: 54.0ms | ActiveRecord: 0.2ms)


Started GET "/users/sign_up" for ::1 at 2020-08-20 00:46:01 +0300
Processing by UsersController#show as HTML
  Parameters: {"id"=>"sign_up"}
  [1m[36mUser Load (0.1ms)[0m  [1m[34mSELECT  "users".* FROM "users" WHERE "users"."id" = ? LIMIT ?[0m  [["id", 0], ["LIMIT", 1]]
  ↳ app/controllers/users_controller.rb:67
Completed 404 Not Found in 4ms (ActiveRecord: 0.1ms)


  
ActiveRecord::RecordNotFound (Couldn't find User with 'id'=sign_up):
  
app/controllers/users_controller.rb:67:in `set_user'
Started GET "/users/login" for ::1 at 2020-08-20 00:46:12 +0300
Processing by UsersController#show as HTML
  Parameters: {"id"=>"login"}
  [1m[36mUser Load (1.4ms)[0m  [1m[34mSELECT  "users".* FROM "users" WHERE "users"."id" = ? LIMIT ?[0m  [["id", 0], ["LIMIT", 1]]
  ↳ app/controllers/users_controller.rb:67
Completed 404 Not Found in 4ms (ActiveRecord: 1.4ms)


  
ActiveRecord::RecordNotFound (Couldn't find User with 'id'=login):
  
app/controllers/users_controller.rb:67:in `set_user'
Started GET "/users" for ::1 at 2020-08-20 00:46:56 +0300
  
ActionController::RoutingError (No route matches [GET] "/users"):
  
actionpack (5.2.4.3) lib/action_dispatch/middleware/debug_exceptions.rb:65:in `call'
web-console (3.7.0) lib/web_console/middleware.rb:135:in `call_app'
web-console (3.7.0) lib/web_console/middleware.rb:30:in `block in call'
web-console (3.7.0) lib/web_console/middleware.rb:20:in `catch'
web-console (3.7.0) lib/web_console/middleware.rb:20:in `call'
actionpack (5.2.4.3) lib/action_dispatch/middleware/show_exceptions.rb:33:in `call'
railties (5.2.4.3) lib/rails/rack/logger.rb:38:in `call_app'
railties (5.2.4.3) lib/rails/rack/logger.rb:26:in `block in call'
activesupport (5.2.4.3) lib/active_support/tagged_logging.rb:71:in `block in tagged'
activesupport (5.2.4.3) lib/active_support/tagged_logging.rb:28:in `tagged'
activesupport (5.2.4.3) lib/active_support/tagged_logging.rb:71:in `tagged'
railties (5.2.4.3) lib/rails/rack/logger.rb:26:in `call'
sprockets-rails (3.2.1) lib/sprockets/rails/quiet_assets.rb:13:in `call'
actionpack (5.2.4.3) lib/action_dispatch/middleware/remote_ip.rb:81:in `call'
actionpack (5.2.4.3) lib/action_dispatch/middleware/request_id.rb:27:in `call'
rack (2.2.3) lib/rack/method_override.rb:24:in `call'
rack (2.2.3) lib/rack/runtime.rb:22:in `call'
activesupport (5.2.4.3) lib/active_support/cache/strategy/local_cache_middleware.rb:29:in `call'
actionpack (5.2.4.3) lib/action_dispatch/middleware/executor.rb:14:in `call'
actionpack (5.2.4.3) lib/action_dispatch/middleware/static.rb:127:in `call'
rack (2.2.3) lib/rack/sendfile.rb:110:in `call'
railties (5.2.4.3) lib/rails/engine.rb:524:in `call'
puma (3.12.6) lib/puma/configuration.rb:227:in `call'
puma (3.12.6) lib/puma/server.rb:706:in `handle_request'
puma (3.12.6) lib/puma/server.rb:476:in `process_client'
puma (3.12.6) lib/puma/server.rb:334:in `block in run'
puma (3.12.6) lib/puma/thread_pool.rb:135:in `block in spawn_thread'
Started GET "/users/1" for ::1 at 2020-08-20 00:47:05 +0300
  
ActionController::RoutingError (No route matches [GET] "/users/1"):
  
actionpack (5.2.4.3) lib/action_dispatch/middleware/debug_exceptions.rb:65:in `call'
web-console (3.7.0) lib/web_console/middleware.rb:135:in `call_app'
web-console (3.7.0) lib/web_console/middleware.rb:30:in `block in call'
web-console (3.7.0) lib/web_console/middleware.rb:20:in `catch'
web-console (3.7.0) lib/web_console/middleware.rb:20:in `call'
actionpack (5.2.4.3) lib/action_dispatch/middleware/show_exceptions.rb:33:in `call'
railties (5.2.4.3) lib/rails/rack/logger.rb:38:in `call_app'
railties (5.2.4.3) lib/rails/rack/logger.rb:26:in `block in call'
activesupport (5.2.4.3) lib/active_support/tagged_logging.rb:71:in `block in tagged'
activesupport (5.2.4.3) lib/active_support/tagged_logging.rb:28:in `tagged'
activesupport (5.2.4.3) lib/active_support/tagged_logging.rb:71:in `tagged'
railties (5.2.4.3) lib/rails/rack/logger.rb:26:in `call'
sprockets-rails (3.2.1) lib/sprockets/rails/quiet_assets.rb:13:in `call'
actionpack (5.2.4.3) lib/action_dispatch/middleware/remote_ip.rb:81:in `call'
actionpack (5.2.4.3) lib/action_dispatch/middleware/request_id.rb:27:in `call'
rack (2.2.3) lib/rack/method_override.rb:24:in `call'
rack (2.2.3) lib/rack/runtime.rb:22:in `call'
activesupport (5.2.4.3) lib/active_support/cache/strategy/local_cache_middleware.rb:29:in `call'
actionpack (5.2.4.3) lib/action_dispatch/middleware/executor.rb:14:in `call'
actionpack (5.2.4.3) lib/action_dispatch/middleware/static.rb:127:in `call'
rack (2.2.3) lib/rack/sendfile.rb:110:in `call'
railties (5.2.4.3) lib/rails/engine.rb:524:in `call'
puma (3.12.6) lib/puma/configuration.rb:227:in `call'
puma (3.12.6) lib/puma/server.rb:706:in `handle_request'
puma (3.12.6) lib/puma/server.rb:476:in `process_client'
puma (3.12.6) lib/puma/server.rb:334:in `block in run'
puma (3.12.6) lib/puma/thread_pool.rb:135:in `block in spawn_thread'
Started GET "/" for ::1 at 2020-08-20 00:47:08 +0300
Processing by UsersController#index as HTML
  Rendering users/index.html.erb within layouts/application
  [1m[36mUser Load (0.3ms)[0m  [1m[34mSELECT "users".* FROM "users"[0m
  ↳ app/views/users/index.html.erb:17
  Rendered users/index.html.erb within layouts/application (120.7ms)
Completed 500 Internal Server Error in 128ms (ActiveRecord: 1.5ms)


  
ActionView::Template::Error (undefined method `user_path' for #<#<Class:0x00007f583dcc2ad0>:0x00007f583dcc0fc8>
Did you mean?  users_path):
    20:         <td><%= user.username %></td>
    21:         <td><%= user.email %></td>
    22:         <td><%= user.password %></td>
    23:         <td><%= link_to 'Show', user %></td>
    24:         <td><%= link_to 'Edit', edit_user_path(user) %></td>
    25:         <td><%= link_to 'Destroy', user, method: :delete, data: { confirm: 'Are you sure?' } %></td>
    26:       </tr>
  
app/views/users/index.html.erb:23:in `block in _app_views_users_index_html_erb__3364054002549332742_21280'
app/views/users/index.html.erb:17:in `_app_views_users_index_html_erb__3364054002549332742_21280'
Started GET "/" for ::1 at 2020-08-20 00:47:22 +0300
Processing by UsersController#index as HTML
  Rendering users/index.html.erb within layouts/application
  [1m[36mUser Load (0.3ms)[0m  [1m[34mSELECT "users".* FROM "users"[0m
  ↳ app/views/users/index.html.erb:17
  Rendered users/index.html.erb within layouts/application (18.5ms)
Completed 200 OK in 64ms (Views: 58.4ms | ActiveRecord: 1.4ms)


Started DELETE "/users/1" for ::1 at 2020-08-20 00:47:29 +0300
Processing by UsersController#destroy as HTML
  Parameters: {"authenticity_token"=>"xvdLC+Mq5Yl3qkWxjOuO6a/sBSE5b3+wvmIgv6xuJj2x+uwTTzxiwaImBW6lUbDuI2nEuo7KInTXCwfKvLUTbA==", "id"=>"1"}
  [1m[36mUser Load (0.2ms)[0m  [1m[34mSELECT  "users".* FROM "users" WHERE "users"."id" = ? LIMIT ?[0m  [["id", 1], ["LIMIT", 1]]
  ↳ app/controllers/users_controller.rb:67
  [1m[35m (0.1ms)[0m  [1m[36mbegin transaction[0m
  ↳ app/controllers/users_controller.rb:57
  [1m[36mUser Destroy (0.3ms)[0m  [1m[31mDELETE FROM "users" WHERE "users"."id" = ?[0m  [["id", 1]]
  ↳ app/controllers/users_controller.rb:57
  [1m[35m (94.4ms)[0m  [1m[36mcommit transaction[0m
  ↳ app/controllers/users_controller.rb:57
Redirected to http://localhost:3000/users
Completed 302 Found in 101ms (ActiveRecord: 95.1ms)


Started GET "/users" for ::1 at 2020-08-20 00:47:29 +0300
Processing by UsersController#index as HTML
  Rendering users/index.html.erb within layouts/application
  [1m[36mUser Load (0.2ms)[0m  [1m[34mSELECT "users".* FROM "users"[0m
  ↳ app/views/users/index.html.erb:17
  Rendered users/index.html.erb within layouts/application (2.8ms)
Completed 200 OK in 26ms (Views: 25.3ms | ActiveRecord: 0.2ms)


Started GET "/" for ::1 at 2020-08-20 00:47:51 +0300
Processing by UsersController#index as HTML
  Rendering users/index.html.erb within layouts/application
  [1m[36mUser Load (0.2ms)[0m  [1m[34mSELECT "users".* FROM "users"[0m
  ↳ app/views/users/index.html.erb:17
  Rendered users/index.html.erb within layouts/application (2.2ms)
Completed 200 OK in 43ms (Views: 41.6ms | ActiveRecord: 0.2ms)


Started GET "/" for ::1 at 2020-08-20 00:50:23 +0300
Processing by UsersController#index as HTML
  Rendering users/index.html.erb within layouts/application
  [1m[36mUser Load (0.2ms)[0m  [1m[34mSELECT "users".* FROM "users"[0m
  ↳ app/views/users/index.html.erb:17
  Rendered users/index.html.erb within layouts/application (3.8ms)
Completed 200 OK in 35ms (Views: 31.2ms | ActiveRecord: 0.6ms)


Started GET "/users/new" for ::1 at 2020-08-20 00:50:31 +0300
Processing by UsersController#new as HTML
  Rendering users/new.html.erb within layouts/application
  Rendered users/_form.html.erb (6.2ms)
  Rendered users/new.html.erb within layouts/application (8.4ms)
Completed 200 OK in 49ms (Views: 36.8ms | ActiveRecord: 0.9ms)


Started GET "/" for ::1 at 2020-08-20 01:11:42 +0300
  [1m[35m (0.1ms)[0m  [1m[34mSELECT "schema_migrations"."version" FROM "schema_migrations" ORDER BY "schema_migrations"."version" ASC[0m
  ↳ /home/oksana/.rbenv/versions/2.7.0/lib/ruby/gems/2.7.0/gems/activerecord-5.2.4.3/lib/active_record/log_subscriber.rb:98
Processing by UsersController#index as HTML
  Rendering users/index.html.erb within layouts/application
  [1m[36mUser Load (0.2ms)[0m  [1m[34mSELECT "users".* FROM "users"[0m
  ↳ app/views/users/index.html.erb:17
  Rendered users/index.html.erb within layouts/application (2.7ms)
Completed 200 OK in 166ms (Views: 154.4ms | ActiveRecord: 0.4ms)


Started GET "/" for ::1 at 2020-08-20 01:11:47 +0300
Processing by UsersController#index as HTML
  Rendering users/index.html.erb within layouts/application
  [1m[36mUser Load (0.1ms)[0m  [1m[34mSELECT "users".* FROM "users"[0m
  ↳ app/views/users/index.html.erb:17
  Rendered users/index.html.erb within layouts/application (1.8ms)
Completed 200 OK in 19ms (Views: 18.3ms | ActiveRecord: 0.1ms)


Started GET "/users/new" for ::1 at 2020-08-20 01:11:53 +0300
Processing by UsersController#new as HTML
  Rendering users/new.html.erb within layouts/application
  Rendered users/_form.html.erb (9.2ms)
  Rendered users/new.html.erb within layouts/application (11.6ms)
Completed 200 OK in 46ms (Views: 32.4ms | ActiveRecord: 0.7ms)


Started POST "/users" for ::1 at 2020-08-20 01:12:18 +0300
Processing by UsersController#create as HTML
  Parameters: {"utf8"=>"✓", "authenticity_token"=>"3QjLHiurZ+CLAmu90b2YDcF2GYRlUlPwMVbCMq5PvKJf7zqBLNr84rMnH3mHfTXKfCtJxe6UCcBtamAdPO7W1g==", "user"=>{"name"=>"Oksana Petrova", "username"=>"Oksana", "email"=>"lagunazoo@ukr.net", "password"=>"[FILTERED]"}, "commit"=>"Create User"}
  [1m[35m (0.1ms)[0m  [1m[36mbegin transaction[0m
  ↳ app/controllers/users_controller.rb:30
  [1m[36mUser Create (0.3ms)[0m  [1m[32mINSERT INTO "users" ("name", "username", "email", "password", "created_at", "updated_at") VALUES (?, ?, ?, ?, ?, ?)[0m  [["name", "Oksana Petrova"], ["username", "Oksana"], ["email", "lagunazoo@ukr.net"], ["password", "12345678"], ["created_at", "2020-08-19 22:12:18.016616"], ["updated_at", "2020-08-19 22:12:18.016616"]]
  ↳ app/controllers/users_controller.rb:30
  [1m[35m (201.5ms)[0m  [1m[36mcommit transaction[0m
  ↳ app/controllers/users_controller.rb:30
Redirected to http://localhost:3000/users/2
Completed 302 Found in 209ms (ActiveRecord: 201.9ms)


Started GET "/users/2" for ::1 at 2020-08-20 01:12:18 +0300
Processing by UsersController#show as HTML
  Parameters: {"id"=>"2"}
  [1m[36mUser Load (0.2ms)[0m  [1m[34mSELECT  "users".* FROM "users" WHERE "users"."id" = ? LIMIT ?[0m  [["id", 2], ["LIMIT", 1]]
  ↳ app/controllers/users_controller.rb:67
  Rendering users/show.html.erb within layouts/application
  Rendered users/show.html.erb within layouts/application (0.9ms)
Completed 200 OK in 22ms (Views: 19.0ms | ActiveRecord: 0.2ms)


Started GET "/users" for ::1 at 2020-08-20 01:12:33 +0300
Processing by UsersController#index as HTML
  Rendering users/index.html.erb within layouts/application
  [1m[36mUser Load (0.2ms)[0m  [1m[34mSELECT "users".* FROM "users"[0m
  ↳ app/views/users/index.html.erb:17
  Rendered users/index.html.erb within layouts/application (3.6ms)
Completed 200 OK in 30ms (Views: 28.1ms | ActiveRecord: 0.2ms)


Started GET "/users" for ::1 at 2020-08-20 01:15:19 +0300
Processing by UsersController#index as HTML
  Rendering users/index.html.erb within layouts/application
  [1m[36mUser Load (0.2ms)[0m  [1m[34mSELECT "users".* FROM "users"[0m
  ↳ app/views/users/index.html.erb:17
  Rendered users/index.html.erb within layouts/application (3.2ms)
Completed 200 OK in 27ms (Views: 25.7ms | ActiveRecord: 0.2ms)


Started GET "/users/2" for ::1 at 2020-08-20 01:15:24 +0300
Processing by UsersController#show as HTML
  Parameters: {"id"=>"2"}
  [1m[36mUser Load (0.2ms)[0m  [1m[34mSELECT  "users".* FROM "users" WHERE "users"."id" = ? LIMIT ?[0m  [["id", 2], ["LIMIT", 1]]
  ↳ app/controllers/users_controller.rb:67
  Rendering users/show.html.erb within layouts/application
  Rendered users/show.html.erb within layouts/application (1.4ms)
Completed 200 OK in 43ms (Views: 40.9ms | ActiveRecord: 0.2ms)


Started GET "/users/2/edit" for ::1 at 2020-08-20 01:15:30 +0300
Processing by UsersController#edit as HTML
  Parameters: {"id"=>"2"}
  [1m[36mUser Load (0.2ms)[0m  [1m[34mSELECT  "users".* FROM "users" WHERE "users"."id" = ? LIMIT ?[0m  [["id", 2], ["LIMIT", 1]]
  ↳ app/controllers/users_controller.rb:67
  Rendering users/edit.html.erb within layouts/application
  Rendered users/_form.html.erb (10.2ms)
  Rendered users/edit.html.erb within layouts/application (12.1ms)
Completed 200 OK in 40ms (Views: 37.7ms | ActiveRecord: 0.2ms)


Started PATCH "/users/2" for ::1 at 2020-08-20 01:15:44 +0300
Processing by UsersController#update as HTML
  Parameters: {"utf8"=>"✓", "authenticity_token"=>"rEVQXIuLywgByMSM5RVaU5MC3w1cE0XnzXdekA3W4Vv8z9VCrBjT4Ob76qRfV0qJZCCrIMpUMw2Ha5TpFEf0Bw==", "user"=>{"name"=>"Oksana Petrova", "username"=>"Oksana", "email"=>"lagunazoo@ukr.net", "password"=>"[FILTERED]"}, "commit"=>"Update User", "id"=>"2"}
  [1m[36mUser Load (0.4ms)[0m  [1m[34mSELECT  "users".* FROM "users" WHERE "users"."id" = ? LIMIT ?[0m  [["id", 2], ["LIMIT", 1]]
  ↳ app/controllers/users_controller.rb:67
  [1m[35m (0.1ms)[0m  [1m[36mbegin transaction[0m
  ↳ app/controllers/users_controller.rb:44
  [1m[36mUser Update (0.4ms)[0m  [1m[33mUPDATE "users" SET "password" = ?, "updated_at" = ? WHERE "users"."id" = ?[0m  [["password", "1234"], ["updated_at", "2020-08-19 22:15:44.657878"], ["id", 2]]
  ↳ app/controllers/users_controller.rb:44
  [1m[35m (170.2ms)[0m  [1m[36mcommit transaction[0m
  ↳ app/controllers/users_controller.rb:44
Redirected to http://localhost:3000/users/2
Completed 302 Found in 181ms (ActiveRecord: 171.1ms)


Started GET "/users/2" for ::1 at 2020-08-20 01:15:44 +0300
Processing by UsersController#show as HTML
  Parameters: {"id"=>"2"}
  [1m[36mUser Load (0.2ms)[0m  [1m[34mSELECT  "users".* FROM "users" WHERE "users"."id" = ? LIMIT ?[0m  [["id", 2], ["LIMIT", 1]]
  ↳ app/controllers/users_controller.rb:67
  Rendering users/show.html.erb within layouts/application
  Rendered users/show.html.erb within layouts/application (1.2ms)
Completed 200 OK in 25ms (Views: 23.0ms | ActiveRecord: 0.2ms)


Started GET "/" for ::1 at 2020-08-20 17:06:51 +0300
  [1m[35m (0.3ms)[0m  [1m[34mSELECT "schema_migrations"."version" FROM "schema_migrations" ORDER BY "schema_migrations"."version" ASC[0m
  ↳ /home/oksana/.rbenv/versions/2.7.0/lib/ruby/gems/2.7.0/gems/activerecord-5.2.4.3/lib/active_record/log_subscriber.rb:98
Processing by UsersController#index as HTML
  Rendering users/index.html.erb within layouts/application
  [1m[36mUser Load (0.7ms)[0m  [1m[34mSELECT "users".* FROM "users"[0m
  ↳ app/views/users/index.html.erb:17
  Rendered users/index.html.erb within layouts/application (49.2ms)
Completed 200 OK in 873ms (Views: 832.0ms | ActiveRecord: 1.4ms)


Started GET "/" for ::1 at 2020-08-20 18:00:26 +0300
  [1m[35m (0.2ms)[0m  [1m[34mSELECT "schema_migrations"."version" FROM "schema_migrations" ORDER BY "schema_migrations"."version" ASC[0m
  ↳ /home/oksana/.rbenv/versions/2.7.0/lib/ruby/gems/2.7.0/gems/activerecord-5.2.4.3/lib/active_record/log_subscriber.rb:98
Processing by UsersController#index as HTML
  Rendering users/index.html.erb within layouts/application
  [1m[36mUser Load (0.8ms)[0m  [1m[34mSELECT "users".* FROM "users"[0m
  ↳ app/views/users/index.html.erb:17
  Rendered users/index.html.erb within layouts/application (17.3ms)
  Rendered layouts/_header.html.erb (232.1ms)
Completed 500 Internal Server Error in 1336ms (ActiveRecord: 1.5ms)


  
ActionView::Template::Error (undefined local variable or method `signup_path' for #<#<Class:0x00007f2c1868d8a0>:0x00007f2c186973a0>):
     9:     <% else %>
    10:       <ul class="nav navbar-right ">
    11:         <li><%= link_to "Log in", login_path, class: "mx-2" %></li> 
    12:         <li><%= link_to "Sign up", signup_path, class: "mx-2" %></li>
    13:       </ul>
    14:     <% end %>
    15:   </div>
  
app/views/layouts/_header.html.erb:12:in `_app_views_layouts__header_html_erb___716408267020933_14540'
app/views/layouts/application.html.erb:14:in `_app_views_layouts_application_html_erb___490472131557102883_14380'
Started GET "/sign_up" for ::1 at 2020-08-20 18:00:55 +0300
  
ActionController::RoutingError (No route matches [GET] "/sign_up"):
  
actionpack (5.2.4.3) lib/action_dispatch/middleware/debug_exceptions.rb:65:in `call'
web-console (3.7.0) lib/web_console/middleware.rb:135:in `call_app'
web-console (3.7.0) lib/web_console/middleware.rb:30:in `block in call'
web-console (3.7.0) lib/web_console/middleware.rb:20:in `catch'
web-console (3.7.0) lib/web_console/middleware.rb:20:in `call'
actionpack (5.2.4.3) lib/action_dispatch/middleware/show_exceptions.rb:33:in `call'
railties (5.2.4.3) lib/rails/rack/logger.rb:38:in `call_app'
railties (5.2.4.3) lib/rails/rack/logger.rb:26:in `block in call'
activesupport (5.2.4.3) lib/active_support/tagged_logging.rb:71:in `block in tagged'
activesupport (5.2.4.3) lib/active_support/tagged_logging.rb:28:in `tagged'
activesupport (5.2.4.3) lib/active_support/tagged_logging.rb:71:in `tagged'
railties (5.2.4.3) lib/rails/rack/logger.rb:26:in `call'
sprockets-rails (3.2.1) lib/sprockets/rails/quiet_assets.rb:13:in `call'
actionpack (5.2.4.3) lib/action_dispatch/middleware/remote_ip.rb:81:in `call'
actionpack (5.2.4.3) lib/action_dispatch/middleware/request_id.rb:27:in `call'
rack (2.2.3) lib/rack/method_override.rb:24:in `call'
rack (2.2.3) lib/rack/runtime.rb:22:in `call'
activesupport (5.2.4.3) lib/active_support/cache/strategy/local_cache_middleware.rb:29:in `call'
actionpack (5.2.4.3) lib/action_dispatch/middleware/executor.rb:14:in `call'
actionpack (5.2.4.3) lib/action_dispatch/middleware/static.rb:127:in `call'
rack (2.2.3) lib/rack/sendfile.rb:110:in `call'
railties (5.2.4.3) lib/rails/engine.rb:524:in `call'
puma (3.12.6) lib/puma/configuration.rb:227:in `call'
puma (3.12.6) lib/puma/server.rb:706:in `handle_request'
puma (3.12.6) lib/puma/server.rb:476:in `process_client'
puma (3.12.6) lib/puma/server.rb:334:in `block in run'
puma (3.12.6) lib/puma/thread_pool.rb:135:in `block in spawn_thread'
Started GET "/login" for ::1 at 2020-08-20 18:05:04 +0300
Processing by SessionsController#new as HTML
  Rendering sessions/new.html.erb within layouts/application
  Rendered sessions/new.html.erb within layouts/application (140.2ms)
  Rendered layouts/_header.html.erb (175.1ms)
Completed 500 Internal Server Error in 638ms (ActiveRecord: 0.0ms)


  
ActionView::Template::Error (undefined method `logged_in?' for #<#<Class:0x00007f2c193477f8>:0x00007f2c1933a1c0>
Did you mean?  logger?):
    2:     <div class="navbar-header">
    3:       <%= link_to "Items", root_path, class: "mx-2" %>
    4:     </div>
    5:     <% if logged_in? %>
    6:       <ul class="nav navbar-right ">
    7:         <li><%= link_to "Log out", logout_path, class: "mx-2", method: :delete %></li> 
    8:       </ul>
  
app/views/layouts/_header.html.erb:5:in `_app_views_layouts__header_html_erb___716408267020933_18280'
app/views/layouts/application.html.erb:14:in `_app_views_layouts_application_html_erb___490472131557102883_18260'
Started GET "/login" for ::1 at 2020-08-20 18:05:09 +0300
Processing by SessionsController#new as HTML
  Rendering sessions/new.html.erb within layouts/application
  Rendered sessions/new.html.erb within layouts/application (2.7ms)
  Rendered layouts/_header.html.erb (143.7ms)
Completed 500 Internal Server Error in 201ms (ActiveRecord: 0.0ms)


  
ActionView::Template::Error (undefined method `logged_in?' for #<#<Class:0x00007f2c193477f8>:0x00007f2c1a12c648>
Did you mean?  logger?):
    2:     <div class="navbar-header">
    3:       <%= link_to "Items", root_path, class: "mx-2" %>
    4:     </div>
    5:     <% if logged_in? %>
    6:       <ul class="nav navbar-right ">
    7:         <li><%= link_to "Log out", logout_path, class: "mx-2", method: :delete %></li> 
    8:       </ul>
  
app/views/layouts/_header.html.erb:5:in `_app_views_layouts__header_html_erb___716408267020933_18700'
app/views/layouts/application.html.erb:14:in `_app_views_layouts_application_html_erb___490472131557102883_18600'
Started GET "/sessions/new" for ::1 at 2020-08-20 18:05:38 +0300
  
ActionController::RoutingError (No route matches [GET] "/sessions/new"):
  
actionpack (5.2.4.3) lib/action_dispatch/middleware/debug_exceptions.rb:65:in `call'
web-console (3.7.0) lib/web_console/middleware.rb:135:in `call_app'
web-console (3.7.0) lib/web_console/middleware.rb:30:in `block in call'
web-console (3.7.0) lib/web_console/middleware.rb:20:in `catch'
web-console (3.7.0) lib/web_console/middleware.rb:20:in `call'
actionpack (5.2.4.3) lib/action_dispatch/middleware/show_exceptions.rb:33:in `call'
railties (5.2.4.3) lib/rails/rack/logger.rb:38:in `call_app'
railties (5.2.4.3) lib/rails/rack/logger.rb:26:in `block in call'
activesupport (5.2.4.3) lib/active_support/tagged_logging.rb:71:in `block in tagged'
activesupport (5.2.4.3) lib/active_support/tagged_logging.rb:28:in `tagged'
activesupport (5.2.4.3) lib/active_support/tagged_logging.rb:71:in `tagged'
railties (5.2.4.3) lib/rails/rack/logger.rb:26:in `call'
sprockets-rails (3.2.1) lib/sprockets/rails/quiet_assets.rb:13:in `call'
actionpack (5.2.4.3) lib/action_dispatch/middleware/remote_ip.rb:81:in `call'
actionpack (5.2.4.3) lib/action_dispatch/middleware/request_id.rb:27:in `call'
rack (2.2.3) lib/rack/method_override.rb:24:in `call'
rack (2.2.3) lib/rack/runtime.rb:22:in `call'
activesupport (5.2.4.3) lib/active_support/cache/strategy/local_cache_middleware.rb:29:in `call'
actionpack (5.2.4.3) lib/action_dispatch/middleware/executor.rb:14:in `call'
actionpack (5.2.4.3) lib/action_dispatch/middleware/static.rb:127:in `call'
rack (2.2.3) lib/rack/sendfile.rb:110:in `call'
railties (5.2.4.3) lib/rails/engine.rb:524:in `call'
puma (3.12.6) lib/puma/configuration.rb:227:in `call'
puma (3.12.6) lib/puma/server.rb:706:in `handle_request'
puma (3.12.6) lib/puma/server.rb:476:in `process_client'
puma (3.12.6) lib/puma/server.rb:334:in `block in run'
puma (3.12.6) lib/puma/thread_pool.rb:135:in `block in spawn_thread'
Started GET "/" for ::1 at 2020-08-20 18:06:03 +0300
Processing by UsersController#index as HTML
  Rendering users/index.html.erb within layouts/application
  [1m[36mUser Load (0.3ms)[0m  [1m[34mSELECT "users".* FROM "users"[0m
  ↳ app/views/users/index.html.erb:17
  Rendered users/index.html.erb within layouts/application (113.8ms)
  Rendered layouts/_header.html.erb (83.4ms)
Completed 500 Internal Server Error in 447ms (ActiveRecord: 94.8ms)


  
ActionView::Template::Error (undefined method `logged_in?' for #<#<Class:0x00007f2c1954da70>:0x00007f2c19547d00>
Did you mean?  logger?):
    2:     <div class="navbar-header">
    3:       <%= link_to "Items", root_path, class: "mx-2" %>
    4:     </div>
    5:     <% if logged_in? %>
    6:       <ul class="nav navbar-right ">
    7:         <li><%= link_to "Log out", logout_path, class: "mx-2", method: :delete %></li> 
    8:       </ul>
  
app/views/layouts/_header.html.erb:5:in `_app_views_layouts__header_html_erb___716408267020933_22160'
app/views/layouts/application.html.erb:14:in `_app_views_layouts_application_html_erb___490472131557102883_22140'
Started GET "/" for ::1 at 2020-08-20 18:07:42 +0300
Processing by UsersController#index as HTML
  Rendering users/index.html.erb within layouts/application
  [1m[36mUser Load (303.5ms)[0m  [1m[34mSELECT "users".* FROM "users"[0m
  ↳ app/views/users/index.html.erb:17
  Rendered users/index.html.erb within layouts/application (404.6ms)
Completed 500 Internal Server Error in 1814ms (ActiveRecord: 303.5ms)


  
ActionView::Template::Error (Missing partial layouts/_header with {:locale=>[:en], :formats=>[:html], :variants=>[], :handlers=>[:raw, :erb, :html, :builder, :ruby, :coffee, :jbuilder]}. Searched in:
  * "/home/oksana/Private-Events/app/views"
):
    11:   </head>
    12: 
    13:   <body>
    14:     <%= render 'layouts/header' %>
    15:     <div class='container'>
    16:       <% flash.each do |message_type, message| %>
    17:         <div class="alert alert-<%= message_type %>"><%= message %></div>
  
app/views/layouts/application.html.erb:14:in `_app_views_layouts_application_html_erb___490472131557102883_22780'
Started GET "/" for ::1 at 2020-08-20 18:08:14 +0300
Processing by UsersController#index as HTML
  Rendering users/index.html.erb within layouts/application
  [1m[36mUser Load (79.4ms)[0m  [1m[34mSELECT "users".* FROM "users"[0m
  ↳ app/views/users/index.html.erb:17
  Rendered users/index.html.erb within layouts/application (189.3ms)
Completed 200 OK in 900ms (Views: 706.3ms | ActiveRecord: 79.4ms)


Started GET "/" for ::1 at 2020-08-20 18:08:16 +0300
Processing by UsersController#index as HTML
  Rendering users/index.html.erb within layouts/application
  [1m[36mUser Load (0.2ms)[0m  [1m[34mSELECT "users".* FROM "users"[0m
  ↳ app/views/users/index.html.erb:17
  Rendered users/index.html.erb within layouts/application (3.0ms)
Completed 200 OK in 31ms (Views: 29.3ms | ActiveRecord: 0.2ms)


Started DELETE "/users/2" for ::1 at 2020-08-20 18:16:25 +0300
  [1m[35m (0.4ms)[0m  [1m[34mSELECT "schema_migrations"."version" FROM "schema_migrations" ORDER BY "schema_migrations"."version" ASC[0m
  ↳ /home/oksana/.rbenv/versions/2.7.0/lib/ruby/gems/2.7.0/gems/activerecord-5.2.4.3/lib/active_record/log_subscriber.rb:98
Processing by UsersController#destroy as HTML
  Parameters: {"authenticity_token"=>"dOhVimlP5+rXseWJ8mo95qiWeZKftCzq72f9ql0NZtAD5fKSxVlgogI9pVbb0APhJBO4CSgRcS6GDtrfTdZTgQ==", "id"=>"2"}
  [1m[36mUser Load (6.4ms)[0m  [1m[34mSELECT  "users".* FROM "users" WHERE "users"."id" = ? LIMIT ?[0m  [["id", 2], ["LIMIT", 1]]
  ↳ app/controllers/users_controller.rb:66
  [1m[35m (0.1ms)[0m  [1m[36mbegin transaction[0m
  ↳ app/controllers/users_controller.rb:55
  [1m[36mUser Destroy (13.5ms)[0m  [1m[31mDELETE FROM "users" WHERE "users"."id" = ?[0m  [["id", 2]]
  ↳ app/controllers/users_controller.rb:55
  [1m[35m (160.9ms)[0m  [1m[36mcommit transaction[0m
  ↳ app/controllers/users_controller.rb:55
Redirected to http://localhost:3000/users
Completed 302 Found in 273ms (ActiveRecord: 181.9ms)


Started GET "/users" for ::1 at 2020-08-20 18:16:27 +0300
Processing by UsersController#index as HTML
  Rendering users/index.html.erb within layouts/application
  [1m[36mUser Load (0.3ms)[0m  [1m[34mSELECT "users".* FROM "users"[0m
  ↳ app/views/users/index.html.erb:17
  Rendered users/index.html.erb within layouts/application (10.2ms)
Completed 200 OK in 909ms (Views: 897.2ms | ActiveRecord: 0.3ms)


Started GET "/users/new" for ::1 at 2020-08-20 18:16:35 +0300
Processing by UsersController#new as HTML
  Rendering users/new.html.erb within layouts/application
  Rendered users/_form.html.erb (157.3ms)
  Rendered users/new.html.erb within layouts/application (166.2ms)
Completed 200 OK in 234ms (Views: 190.5ms | ActiveRecord: 0.0ms)


Started GET "/" for ::1 at 2020-08-20 18:16:47 +0300
Processing by UsersController#index as HTML
  Rendering users/index.html.erb within layouts/application
  [1m[36mUser Load (0.1ms)[0m  [1m[34mSELECT "users".* FROM "users"[0m
  ↳ app/views/users/index.html.erb:17
  Rendered users/index.html.erb within layouts/application (2.4ms)
Completed 200 OK in 29ms (Views: 26.2ms | ActiveRecord: 0.1ms)


Started GET "/users/new" for ::1 at 2020-08-20 18:16:57 +0300
Processing by UsersController#new as HTML
  Rendering users/new.html.erb within layouts/application
  Rendered users/_form.html.erb (9.8ms)
  Rendered users/new.html.erb within layouts/application (11.0ms)
Completed 200 OK in 61ms (Views: 59.8ms | ActiveRecord: 0.0ms)


Started POST "/users" for ::1 at 2020-08-20 18:17:24 +0300
Processing by UsersController#create as HTML
  Parameters: {"utf8"=>"✓", "authenticity_token"=>"nOrg9xnnyslW6P7NtjkG/Fr94mxqyagjkkfcPsscHEgeDRFoHpZRy27Nigng+as756CyLeEP8hPOe34RWb12PA==", "user"=>{"name"=>"Oksana Petrova", "username"=>"Oksana", "email"=>"oksanapetrova@mail", "password"=>"[FILTERED]"}, "commit"=>"Create User"}
  [1m[35m (0.1ms)[0m  [1m[36mbegin transaction[0m
  ↳ app/controllers/users_controller.rb:28
  [1m[36mUser Create (136.1ms)[0m  [1m[32mINSERT INTO "users" ("name", "username", "email", "password", "created_at", "updated_at") VALUES (?, ?, ?, ?, ?, ?)[0m  [["name", "Oksana Petrova"], ["username", "Oksana"], ["email", "oksanapetrova@mail"], ["password", "12345678"], ["created_at", "2020-08-20 15:17:24.871535"], ["updated_at", "2020-08-20 15:17:24.871535"]]
  ↳ app/controllers/users_controller.rb:28
  [1m[35m (576.8ms)[0m  [1m[36mcommit transaction[0m
  ↳ app/controllers/users_controller.rb:28
Redirected to http://localhost:3000/users/3
Completed 302 Found in 722ms (ActiveRecord: 713.0ms)


Started GET "/users/3" for ::1 at 2020-08-20 18:17:25 +0300
Processing by UsersController#show as HTML
  Parameters: {"id"=>"3"}
  [1m[36mUser Load (0.3ms)[0m  [1m[34mSELECT  "users".* FROM "users" WHERE "users"."id" = ? LIMIT ?[0m  [["id", 3], ["LIMIT", 1]]
  ↳ app/controllers/users_controller.rb:66
  Rendering users/show.html.erb within layouts/application
  Rendered users/show.html.erb within layouts/application (1.2ms)
Completed 200 OK in 63ms (Views: 28.6ms | ActiveRecord: 0.3ms)


Started GET "/users" for ::1 at 2020-08-20 18:17:31 +0300
Processing by UsersController#index as HTML
  Rendering users/index.html.erb within layouts/application
  [1m[36mUser Load (0.1ms)[0m  [1m[34mSELECT "users".* FROM "users"[0m
  ↳ app/views/users/index.html.erb:17
  Rendered users/index.html.erb within layouts/application (2.7ms)
Completed 200 OK in 43ms (Views: 41.1ms | ActiveRecord: 0.1ms)


  [1m[35m (0.3ms)[0m  [1m[34mSELECT "schema_migrations"."version" FROM "schema_migrations" ORDER BY "schema_migrations"."version" ASC[0m
  ↳ bin/rails:9
Migrating to AddPasswordDigestFieldToUser (20200820171649)
  [1m[35m (0.1ms)[0m  [1m[36mbegin transaction[0m
  ↳ bin/rails:9
  [1m[35m (18.6ms)[0m  [1m[35mALTER TABLE "users" ADD "password_digest" varchar[0m
  ↳ db/migrate/20200820171649_add_password_digest_field_to_user.rb:3
  [1m[36mActiveRecord::SchemaMigration Create (0.4ms)[0m  [1m[32mINSERT INTO "schema_migrations" ("version") VALUES (?)[0m  [["version", "20200820171649"]]
  ↳ bin/rails:9
  [1m[35m (83.2ms)[0m  [1m[36mcommit transaction[0m
  ↳ bin/rails:9
  [1m[36mActiveRecord::InternalMetadata Load (0.3ms)[0m  [1m[34mSELECT  "ar_internal_metadata".* FROM "ar_internal_metadata" WHERE "ar_internal_metadata"."key" = ? LIMIT ?[0m  [["key", "environment"], ["LIMIT", 1]]
  ↳ bin/rails:9
  [1m[35m (0.1ms)[0m  [1m[36mbegin transaction[0m
  ↳ bin/rails:9
  [1m[35m (0.1ms)[0m  [1m[36mcommit transaction[0m
  ↳ bin/rails:9
  [1m[35m (0.5ms)[0m  [1m[34mSELECT "schema_migrations"."version" FROM "schema_migrations" ORDER BY "schema_migrations"."version" ASC[0m
  ↳ bin/rails:9
Started GET "/" for ::1 at 2020-08-20 20:19:40 +0300
  [1m[35m (0.4ms)[0m  [1m[34mSELECT "schema_migrations"."version" FROM "schema_migrations" ORDER BY "schema_migrations"."version" ASC[0m
  ↳ /home/oksana/.rbenv/versions/2.7.0/lib/ruby/gems/2.7.0/gems/activerecord-5.2.4.3/lib/active_record/log_subscriber.rb:98
Processing by UsersController#index as HTML
  [1m[36mUser Load (0.3ms)[0m  [1m[34mSELECT  "users".* FROM "users" WHERE "users"."id" IS NULL LIMIT ?[0m  [["LIMIT", 1]]
  ↳ app/controllers/application_controller.rb:7
Redirected to http://localhost:3000/welcome
Filter chain halted as :authorized rendered or redirected
Completed 302 Found in 76ms (ActiveRecord: 0.9ms)


Started GET "/welcome" for ::1 at 2020-08-20 20:19:41 +0300
  
ActionController::RoutingError (undefined method `dskip_before_action' for SessionsController:Class
Did you mean?  skip_before_action):
  
app/controllers/sessions_controller.rb:2:in `<class:SessionsController>'
app/controllers/sessions_controller.rb:1:in `<main>'
Started GET "/welcome" for ::1 at 2020-08-20 20:20:47 +0300
Processing by SessionsController#welcome as HTML
  Rendering sessions/welcome.html.erb within layouts/application
  [1m[36mUser Load (37.4ms)[0m  [1m[34mSELECT  "users".* FROM "users" WHERE "users"."id" IS NULL LIMIT ?[0m  [["LIMIT", 1]]
  ↳ app/controllers/application_controller.rb:7
  Rendered sessions/welcome.html.erb within layouts/application (62.4ms)
Completed 200 OK in 1227ms (Views: 991.3ms | ActiveRecord: 38.7ms)


Started GET "/login" for ::1 at 2020-08-20 20:21:11 +0300
Processing by SessionsController#new as HTML
  Rendering sessions/new.html.erb within layouts/application
  Rendered sessions/new.html.erb within layouts/application (114.0ms)
Completed 200 OK in 241ms (Views: 201.3ms | ActiveRecord: 0.0ms)


Started POST "/login" for ::1 at 2020-08-20 20:21:22 +0300
Processing by SessionsController#create as HTML
  Parameters: {"utf8"=>"✓", "authenticity_token"=>"856s7jTngZtvKmJQRzF1/Gcbhe5qIYiUDiJ95USSGTCEkwv2mPEG07qmIo9ui0v7655Edd2E1VBnS1qQVEksYQ==", "username"=>"Oksana", "password"=>"[FILTERED]", "commit"=>"Login"}
  [1m[36mUser Load (424.8ms)[0m  [1m[34mSELECT  "users".* FROM "users" WHERE "users"."username" = ? LIMIT ?[0m  [["username", "Oksana"], ["LIMIT", 1]]
  ↳ app/controllers/sessions_controller.rb:8
Completed 500 Internal Server Error in 512ms (ActiveRecord: 426.1ms)


  
BCrypt::Errors::InvalidHash (invalid hash):
  
app/controllers/sessions_controller.rb:9:in `create'
Started GET "/users/new" for ::1 at 2020-08-20 20:21:33 +0300
Processing by UsersController#new as HTML
  Rendering users/new.html.erb within layouts/application
  Rendered users/_form.html.erb (679.6ms)
  Rendered users/new.html.erb within layouts/application (682.4ms)
Completed 200 OK in 936ms (Views: 926.8ms | ActiveRecord: 0.0ms)


Started POST "/users" for ::1 at 2020-08-20 20:22:32 +0300
Processing by UsersController#create as HTML
  Parameters: {"utf8"=>"✓", "authenticity_token"=>"Fw31VJXsFjzfpRuANxJiBE/AogjOAX4ajp27OtvXPxZgAFJMOfqRdAopW18eqFwDw0Vjk3mkI97n9JxPywwKRw==", "user"=>{"name"=>"Another userPE", "username"=>"another_userPE", "email"=>"another@mail", "password"=>"[FILTERED]"}, "commit"=>"Create User"}
  [1m[35m (0.1ms)[0m  [1m[36mbegin transaction[0m
  ↳ app/controllers/users_controller.rb:29
  [1m[36mUser Create (26.1ms)[0m  [1m[32mINSERT INTO "users" ("name", "username", "email", "created_at", "updated_at", "password_digest") VALUES (?, ?, ?, ?, ?, ?)[0m  [["name", "Another userPE"], ["username", "another_userPE"], ["email", "another@mail"], ["created_at", "2020-08-20 17:22:32.916168"], ["updated_at", "2020-08-20 17:22:32.916168"], ["password_digest", "$2a$12$fwj8JxSXJKKwDJYe/d4Dne9Nro/bkTI6XRNPzxlhwKkJQEV6NA/MO"]]
  ↳ app/controllers/users_controller.rb:29
  [1m[35m (141.6ms)[0m  [1m[36mcommit transaction[0m
  ↳ app/controllers/users_controller.rb:29
Redirected to http://localhost:3000/users/4
Completed 302 Found in 600ms (ActiveRecord: 167.8ms)


Started GET "/users/4" for ::1 at 2020-08-20 20:22:33 +0300
Processing by UsersController#show as HTML
  Parameters: {"id"=>"4"}
  [1m[36mUser Load (0.2ms)[0m  [1m[34mSELECT  "users".* FROM "users" WHERE "users"."id" IS NULL LIMIT ?[0m  [["LIMIT", 1]]
  ↳ app/controllers/application_controller.rb:7
Redirected to http://localhost:3000/welcome
Filter chain halted as :authorized rendered or redirected
Completed 302 Found in 42ms (ActiveRecord: 0.2ms)


Started GET "/welcome" for ::1 at 2020-08-20 20:22:33 +0300
Processing by SessionsController#welcome as HTML
  Rendering sessions/welcome.html.erb within layouts/application
  [1m[36mUser Load (0.1ms)[0m  [1m[34mSELECT  "users".* FROM "users" WHERE "users"."id" IS NULL LIMIT ?[0m  [["LIMIT", 1]]
  ↳ app/controllers/application_controller.rb:7
  Rendered sessions/welcome.html.erb within layouts/application (2.0ms)
Completed 200 OK in 42ms (Views: 25.0ms | ActiveRecord: 0.1ms)


Started GET "/login" for ::1 at 2020-08-20 20:22:46 +0300
Processing by SessionsController#new as HTML
  Rendering sessions/new.html.erb within layouts/application
  Rendered sessions/new.html.erb within layouts/application (1.6ms)
Completed 200 OK in 40ms (Views: 27.3ms | ActiveRecord: 0.0ms)


Started POST "/login" for ::1 at 2020-08-20 20:23:12 +0300
Processing by SessionsController#create as HTML
  Parameters: {"utf8"=>"✓", "authenticity_token"=>"jMipzTzT0CiZxgp3K6MAWu/DaJqo1ULukxQwIgNDlQ/7xQ7VkMVXYExKSqgCGT5dY0apAR9wHyr6fRdXE5igXg==", "username"=>"another_userPE", "password"=>"[FILTERED]", "commit"=>"Login"}
  [1m[36mUser Load (453.0ms)[0m  [1m[34mSELECT  "users".* FROM "users" WHERE "users"."username" = ? LIMIT ?[0m  [["username", "another_userPE"], ["LIMIT", 1]]
  ↳ app/controllers/sessions_controller.rb:8
Redirected to http://localhost:3000/welcome
Completed 302 Found in 739ms (ActiveRecord: 453.0ms)


Started GET "/welcome" for ::1 at 2020-08-20 20:23:13 +0300
Processing by SessionsController#welcome as HTML
  Rendering sessions/welcome.html.erb within layouts/application
  [1m[36mUser Load (19.6ms)[0m  [1m[34mSELECT  "users".* FROM "users" WHERE "users"."id" = ? LIMIT ?[0m  [["id", 4], ["LIMIT", 1]]
  ↳ app/controllers/application_controller.rb:7
  [1m[36mCACHE User Load (0.0ms)[0m  [1m[34mSELECT  "users".* FROM "users" WHERE "users"."id" = ? LIMIT ?[0m  [["id", 4], ["LIMIT", 1]]
  ↳ app/controllers/application_controller.rb:7
  Rendered sessions/welcome.html.erb within layouts/application (23.5ms)
Completed 200 OK in 92ms (Views: 29.7ms | ActiveRecord: 19.6ms)


